Release 8.1i - xst I.24
Copyright (c) 1995-2005 Xilinx, Inc.  All rights reserved.
--> Parameter TMPDIR set to ./xst/projnav.tmp
CPU : 0.00 / 0.17 s | Elapsed : 0.00 / 0.00 s
 
--> Parameter xsthdpdir set to ./xst
CPU : 0.00 / 0.17 s | Elapsed : 0.00 / 0.00 s
 
--> Reading design: Encoder_ALU_Priority.prj

TABLE OF CONTENTS
  1) Synthesis Options Summary
  2) HDL Compilation
  3) HDL Analysis
  4) HDL Synthesis
     4.1) HDL Synthesis Report
  5) Advanced HDL Synthesis
     5.1) Advanced HDL Synthesis Report
  6) Low Level Synthesis
  7) Final Report
     7.1) Device utilization summary
     7.2) TIMING REPORT


=========================================================================
*                      Synthesis Options Summary                        *
=========================================================================
---- Source Parameters
Input File Name                    : "Encoder_ALU_Priority.prj"
Input Format                       : mixed
Ignore Synthesis Constraint File   : NO

---- Target Parameters
Output File Name                   : "Encoder_ALU_Priority"
Output Format                      : NGC
Target Device                      : xc2s50e-6-ft256

---- Source Options
Top Module Name                    : Encoder_ALU_Priority
Automatic FSM Extraction           : YES
FSM Encoding Algorithm             : Auto
FSM Style                          : lut
RAM Extraction                     : Yes
RAM Style                          : Auto
ROM Extraction                     : Yes
Mux Style                          : Auto
Decoder Extraction                 : YES
Priority Encoder Extraction        : YES
Shift Register Extraction          : YES
Logical Shifter Extraction         : YES
XOR Collapsing                     : YES
ROM Style                          : Auto
Mux Extraction                     : YES
Resource Sharing                   : YES
Multiplier Style                   : lut
Automatic Register Balancing       : No

---- Target Options
Add IO Buffers                     : YES
Global Maximum Fanout              : 100
Add Generic Clock Buffer(BUFG)     : 4
Register Duplication               : YES
Slice Packing                      : YES
Pack IO Registers into IOBs        : auto
Equivalent register Removal        : YES

---- General Options
Optimization Goal                  : Speed
Optimization Effort                : 1
Keep Hierarchy                     : NO
RTL Output                         : Yes
Global Optimization                : AllClockNets
Write Timing Constraints           : NO
Hierarchy Separator                : /
Bus Delimiter                      : <>
Case Specifier                     : maintain
Slice Utilization Ratio            : 100
Slice Utilization Ratio Delta      : 5

---- Other Options
lso                                : Encoder_ALU_Priority.lso
Read Cores                         : YES
cross_clock_analysis               : NO
verilog2001                        : YES
safe_implementation                : No
Optimize Instantiated Primitives   : NO
tristate2logic                     : Yes
use_clock_enable                   : Yes
use_sync_set                       : Yes
use_sync_reset                     : Yes

=========================================================================


=========================================================================
*                          HDL Compilation                              *
=========================================================================
Compiling vhdl file "C:/Xilinx/encoder_priority/encoder_priority.vhd" in Library work.
Architecture behavioral of Entity encoder_alu_priority is up to date.

=========================================================================
*                            HDL Analysis                               *
=========================================================================
Analyzing Entity <Encoder_ALU_Priority> (Architecture <behavioral>).
Entity <Encoder_ALU_Priority> analyzed. Unit <Encoder_ALU_Priority> generated.


=========================================================================
*                           HDL Synthesis                               *
=========================================================================

Synthesizing Unit <Encoder_ALU_Priority>.
    Related source file is "C:/Xilinx/encoder_priority/encoder_priority.vhd".
    Found 16x6-bit ROM for signal <$n0004>.
    Found 4-bit adder for signal <$n0002>.
    Summary:
	inferred   1 ROM(s).
	inferred   1 Adder/Subtractor(s).
Unit <Encoder_ALU_Priority> synthesized.

INFO:Xst:1767 - HDL ADVISOR - Resource sharing has identified that some arithmetic operations in this design can share the same physical resources for reduced device utilization. For improved clock frequency you may try to disable resource sharing.

=========================================================================
HDL Synthesis Report

Macro Statistics
# ROMs                                                 : 1
 16x6-bit ROM                                          : 1
# Adders/Subtractors                                   : 1
 4-bit adder                                           : 1

=========================================================================

=========================================================================
*                       Advanced HDL Synthesis                          *
=========================================================================


=========================================================================
Advanced HDL Synthesis Report

Macro Statistics
# ROMs                                                 : 1
 16x6-bit ROM                                          : 1
# Adders/Subtractors                                   : 1
 4-bit adder                                           : 1

=========================================================================

=========================================================================
*                         Low Level Synthesis                           *
=========================================================================

Optimizing unit <Encoder_ALU_Priority> ...
Loading device for application Rf_Device from file '2s50e.nph' in environment C:\Xilinx.

Mapping all equations...
Building and optimizing final netlist ...
Found area constraint ratio of 100 (+ 5) on block Encoder_ALU_Priority, actual ratio is 0.

=========================================================================
*                            Final Report                               *
=========================================================================
Final Results
RTL Top Level Output File Name     : Encoder_ALU_Priority.ngr
Top Level Output File Name         : Encoder_ALU_Priority
Output Format                      : NGC
Optimization Goal                  : Speed
Keep Hierarchy                     : NO

Design Statistics
# IOs                              : 10

Cell Usage :
# BELS                             : 6
#      LUT2                        : 2
#      LUT3                        : 3
#      LUT4                        : 1
# IO Buffers                       : 10
#      IBUF                        : 4
#      OBUF                        : 6
=========================================================================

Device utilization summary:
---------------------------

Selected Device : 2s50eft256-6 

 Number of Slices:                       3  out of    768     0%  
 Number of 4 input LUTs:                 6  out of   1536     0%  
 Number of bonded IOBs:                 10  out of    182     5%  


=========================================================================
TIMING REPORT

NOTE: THESE TIMING NUMBERS ARE ONLY A SYNTHESIS ESTIMATE.
      FOR ACCURATE TIMING INFORMATION PLEASE REFER TO THE TRACE REPORT
      GENERATED AFTER PLACE-and-ROUTE.

Clock Information:
------------------
No clock signals found in this design

Timing Summary:
---------------
Speed Grade: -6

   Minimum period: No path found
   Minimum input arrival time before clock: No path found
   Maximum output required time after clock: No path found
   Maximum combinational path delay: 8.637ns

Timing Detail:
--------------
All values displayed in nanoseconds (ns)

=========================================================================
Timing constraint: Default path analysis
  Total number of paths / destination ports: 17 / 6
-------------------------------------------------------------------------
Delay:               8.637ns (Levels of Logic = 3)
  Source:            I<3> (PAD)
  Destination:       A<1> (PAD)

  Data Path: I<3> to A<1>
                                Gate     Net
    Cell:in->out      fanout   Delay   Delay  Logical Name (Net Name)
    ----------------------------------------  ------------
     IBUF:I->O             6   0.797   1.850  I_3_IBUF (I_3_IBUF)
     LUT2:I0->O            1   0.468   0.920  Mrom_data_Mrom__n00043 (A_1_OBUF)
     OBUF:I->O                 4.602          A_1_OBUF (A<1>)
    ----------------------------------------
    Total                      8.637ns (5.867ns logic, 2.770ns route)
                                       (67.9% logic, 32.1% route)

=========================================================================
CPU : 2.77 / 2.98 s | Elapsed : 3.00 / 3.00 s
 
--> 

Total memory usage is 164888 kilobytes

Number of errors   :    0 (   0 filtered)
Number of warnings :    0 (   0 filtered)
Number of infos    :    1 (   0 filtered)

